生成启动时间为 2020/7/22 11:37:17。
     1>项目“F:\WOWServer\Source\L4G2019\dep\tbb\build\vs2012\tbbmalloc.vcxproj”在节点 2 上(Build 个目标)。
     1>_MASM:
         Assembling ..\..\src\tbb\ia32-masm\lock_byte.asm...
       ClCompile:
         C:\Program Files (x86)\Microsoft Visual Studio 11.0\VC\bin\x86_amd64\CL.exe /c /I. /Zi /nologo- /W4 /WX- /O2 /GL /D _WINDLL /Gm- /MD /GS /fp:precise /Zc:wchar_t /Zc:forScope /Fo"intel64\Release\\" /Fd"intel64\Release\vc110.pdb" /Gd /TC /errorReport:prompt  /c /MD /O2 /Zi /EHs- /Zc:forScope /Zc:wchar_t /D_USE_RTM_VERSION /GS- /DDO_ITT_NOTIFY /DUSE_WINTHREAD /D_CRT_SECURE_NO_DEPRECATE /D_WIN32_WINNT=0x0400 /D__TBB_BUILD=1 /I../../src /I../../src/rml/include /I../../include /I../../src/tbbmalloc /I../../src/tbbmalloc ..\..\src\tbb\itt_notify_proxy.c
         用于 x64 的 Microsoft (R) C/C++ 优化编译器 17.00.50727.1 版
         版权所有(C) Microsoft Corporation。保留所有权利。
         
         cl /c /I. /Zi /nologo- /W4 /WX- /O2 /GL /D _WINDLL /Gm- /MD /GS /fp:precise /Zc:wchar_t /Zc:forScope /Fo"intel64\Release\\" /Fd"intel64\Release\vc110.pdb" /Gd /TC /errorReport:prompt  /c /MD /O2 /Zi /EHs- /Zc:forScope /Zc:wchar_t /D_USE_RTM_VERSION /GS- /DDO_ITT_NOTIFY /DUSE_WINTHREAD /D_CRT_SECURE_NO_DEPRECATE /D_WIN32_WINNT=0x0400 /D__TBB_BUILD=1 /I../../src /I../../src/rml/include /I../../include /I../../src/tbbmalloc /I../../src/tbbmalloc ..\..\src\tbb\itt_notify_proxy.c
     1>cl : 命令行 warning D9035: “nologo-”选项已否决，并将在将来的版本中移除
     1>cl : 命令行 warning D9025: 正在重写“/GS”(用“/GS-”)
         
         itt_notify_proxy.c
         C:\Program Files (x86)\Microsoft Visual Studio 11.0\VC\bin\x86_amd64\CL.exe /c /I. /Zi /nologo- /W4 /WX- /O2 /GL /D _WINDLL /Gm- /MD /GS /fp:precise /Zc:wchar_t /Zc:forScope /Fo"intel64\Release\\" /Fd"intel64\Release\vc110.pdb" /Gd /TP /errorReport:prompt  /c /MD /O2 /Zi /EHs- /Zc:forScope /Zc:wchar_t /D_USE_RTM_VERSION /GS- /DDO_ITT_NOTIFY /DUSE_WINTHREAD /D_CRT_SECURE_NO_DEPRECATE /D_WIN32_WINNT=0x0400 /D__TBB_BUILD=1 /I../../src /I../../src/rml/include /I../../include /I../../src/tbbmalloc /I../../src/tbbmalloc ..\..\src\tbb\dynamic_link.cpp ..\..\src\tbb\tbb_misc.cpp
         用于 x64 的 Microsoft (R) C/C++ 优化编译器 17.00.50727.1 版
         版权所有(C) Microsoft Corporation。保留所有权利。
         
         cl /c /I. /Zi /nologo- /W4 /WX- /O2 /GL /D _WINDLL /Gm- /MD /GS /fp:precise /Zc:wchar_t /Zc:forScope /Fo"intel64\Release\\" /Fd"intel64\Release\vc110.pdb" /Gd /TP /errorReport:prompt  /c /MD /O2 /Zi /EHs- /Zc:forScope /Zc:wchar_t /D_USE_RTM_VERSION /GS- /DDO_ITT_NOTIFY /DUSE_WINTHREAD /D_CRT_SECURE_NO_DEPRECATE /D_WIN32_WINNT=0x0400 /D__TBB_BUILD=1 /I../../src /I../../src/rml/include /I../../include /I../../src/tbbmalloc /I../../src/tbbmalloc ..\..\src\tbb\dynamic_link.cpp ..\..\src\tbb\tbb_misc.cpp
     1>cl : 命令行 warning D9035: “nologo-”选项已否决，并将在将来的版本中移除
     1>cl : 命令行 warning D9025: 正在重写“/GS”(用“/GS-”)
         
         dynamic_link.cpp
         tbb_misc.cpp
       Link:
         C:\Program Files (x86)\Microsoft Visual Studio 11.0\VC\bin\x86_amd64\link.exe /ERRORREPORT:PROMPT /OUT:"F:\WOWServer\Source\L4G2019\dep\tbb\build\vs2012\intel64\Release\tbbmalloc.dll" /INCREMENTAL:NO /NOLOGO kernel32.lib user32.lib gdi32.lib winspool.lib comdlg32.lib advapi32.lib shell32.lib ole32.lib oleaut32.lib uuid.lib odbc32.lib odbccp32.lib /MANIFEST /MANIFESTUAC:"level='asInvoker' uiAccess='false'" /manifest:embed /DEBUG /PDB:"F:\WOWServer\Source\L4G2019\dep\tbb\build\vs2012\intel64\Release\tbbmalloc.pdb" /SUBSYSTEM:WINDOWS /OPT:REF /OPT:ICF /LTCG /TLBID:1 /DYNAMICBASE /NXCOMPAT /IMPLIB:"F:\WOWServer\Source\L4G2019\dep\tbb\build\vs2012\intel64\Release\tbbmalloc.lib" /MACHINE:X64 /nologo /DLL /MAP /DEBUG /fixed:no /INCREMENTAL:NO /DEF:intel64\Release\tbbmalloc.def /DLL intel64\Release\atomic_support.obj
         intel64\Release\tbbmalloc.res
         intel64\Release\itt_notify_proxy.obj
         intel64\Release\tbbmalloc.obj
         intel64\Release\dynamic_link.obj
         intel64\Release\tbb_misc.obj
         intel64\Release\MemoryAllocator.obj
         F:\WOWServer\Source\L4G2019\dep\tbb\build\vs2012\intel64\Release\tbb.lib
            正在创建库 F:\WOWServer\Source\L4G2019\dep\tbb\build\vs2012\intel64\Release\tbbmalloc.lib 和对象 F:\WOWServer\Source\L4G2019\dep\tbb\build\vs2012\intel64\Release\tbbmalloc.exp
         正在生成代码
     1>f:\wowserver\source\l4g2019\dep\tbb\src\tbbmalloc\memoryallocator.cpp(1708): warning C4706: 条件表达式内的赋值
     1>f:\wowserver\source\l4g2019\dep\tbb\src\tbbmalloc\memoryallocator.cpp(1714): warning C4706: 条件表达式内的赋值
     1>f:\wowserver\source\l4g2019\dep\tbb\src\tbbmalloc\memoryallocator.cpp(1610): warning C4706: 条件表达式内的赋值
     1>f:\wowserver\source\l4g2019\dep\tbb\src\tbbmalloc\memoryallocator.cpp(1996): warning C4706: 条件表达式内的赋值
     1>f:\wowserver\source\l4g2019\dep\tbb\src\tbbmalloc\memoryallocator.cpp(2000): warning C4706: 条件表达式内的赋值
     1>f:\wowserver\source\l4g2019\dep\tbb\src\tbbmalloc\memoryallocator.cpp(2015): warning C4706: 条件表达式内的赋值
     1>f:\wowserver\source\l4g2019\dep\tbb\src\tbbmalloc\memoryallocator.cpp(2031): warning C4706: 条件表达式内的赋值
     1>f:\wowserver\source\l4g2019\dep\tbb\src\tbbmalloc\memoryallocator.cpp(2045): warning C4706: 条件表达式内的赋值
     1>f:\wowserver\source\l4g2019\dep\tbb\src\tbbmalloc\memoryallocator.cpp(2332): warning C4702: 无法访问的代码
         已完成代码的生成
         tbbmalloc.vcxproj -> F:\WOWServer\Source\L4G2019\dep\tbb\build\vs2012\intel64\Release\tbbmalloc.dll
     1>已完成生成项目“F:\WOWServer\Source\L4G2019\dep\tbb\build\vs2012\tbbmalloc.vcxproj”(Build 个目标)的操作。

生成成功。

已用时间 00:00:03.19
